<?xml version="1.0" encoding="UTF-8"?>
<!-- Generated by org.testng.reporters.JUnitXMLReporter -->
<testsuite ignored="0" hostname="LTIN226766" failures="0" tests="25" name="Surefire test" time="0.19" errors="0" timestamp="2024-02-06T10:30:20 IST">
  <testcase classname="TestBase.BaseClass" name="@BeforeClass setup" time="-1.707195620194E9">
    <failure type="org.testng.TestNGException" message="
Parameter &amp;apos;os&amp;apos; is required by BeforeClass on method setup but has not been marked @Optional or defined
">
      <![CDATA[org.testng.TestNGException: 
Parameter 'os' is required by BeforeClass on method setup but has not been marked @Optional or defined

at java.base/java.util.ArrayList.forEach(ArrayList.java:1511)
... Removed 27 stack frames]]>
    </failure>
  </testcase> <!-- @BeforeClass setup -->
  <testcase classname="TestBase.BaseClass" name="@AfterClass tearDown" time="0.0">
    <skipped/>
  </testcase> <!-- @AfterClass tearDown -->
  <testcase classname="TestBase.BaseClass" name="@BeforeClass setup" time="-1.707195620293E9">
    <failure type="org.testng.TestNGException" message="
Parameter &amp;apos;os&amp;apos; is required by BeforeClass on method setup but has not been marked @Optional or defined
">
      <![CDATA[org.testng.TestNGException: 
Parameter 'os' is required by BeforeClass on method setup but has not been marked @Optional or defined

at java.base/java.util.ArrayList.forEach(ArrayList.java:1511)
... Removed 27 stack frames]]>
    </failure>
  </testcase> <!-- @BeforeClass setup -->
  <testcase classname="TestBase.BaseClass" name="@AfterClass tearDown" time="0.0">
    <skipped/>
  </testcase> <!-- @AfterClass tearDown -->
  <testcase classname="TestCases.GoogleHome_Test" name="search_action" time="0.0">
    <skipped/>
  </testcase> <!-- search_action -->
  <testcase classname="TestCases.GoogleHome_Test" name="search" time="0.0">
    <skipped/>
  </testcase> <!-- search -->
  <testcase classname="TestCases.GoogleHome_Test" name="open_webpage" time="0.0">
    <skipped/>
  </testcase> <!-- open_webpage -->
  <testcase classname="TestCases.GoogleHome_Test" name="search_action" time="0.0">
    <skipped/>
  </testcase> <!-- search_action -->
  <testcase classname="TestCases.GoogleHome_Test" name="search" time="0.0">
    <skipped/>
  </testcase> <!-- search -->
  <testcase classname="TestCases.GoogleHome_Test" name="open_webpage" time="0.0">
    <skipped/>
  </testcase> <!-- open_webpage -->
  <testcase classname="TestCases.EMI_CalculatorHomePage_TEST" name="clickONCarloan" time="0.0">
    <skipped/>
  </testcase> <!-- clickONCarloan -->
  <testcase classname="TestCases.EMI_CalculatorHomePage_TEST" name="refreshPage" time="0.0">
    <skipped/>
  </testcase> <!-- refreshPage -->
  <testcase classname="TestCases.EMI_CalculatorHomePage_TEST" name="load_EMICalculator_LINK" time="0.0">
    <skipped/>
  </testcase> <!-- load_EMICalculator_LINK -->
  <testcase classname="TestCases.HomeLoanEMICalculator_Test" name="HomeLoan_Validation" time="0.0">
    <skipped/>
  </testcase> <!-- HomeLoan_Validation -->
  <testcase classname="TestCases.HomeLoanEMICalculator_Test" name="setHomeValue_InCalculator" time="0.0">
    <skipped/>
  </testcase> <!-- setHomeValue_InCalculator -->
  <testcase classname="TestCases.HomeLoanEMICalculator_Test" name="setDownPayment_InCalculator" time="0.001">
    <skipped/>
  </testcase> <!-- setDownPayment_InCalculator -->
  <testcase classname="TestCases.HomeLoanEMICalculator_Test" name="setting_LoanInsurance_Amount" time="0.0">
    <skipped/>
  </testcase> <!-- setting_LoanInsurance_Amount -->
  <testcase classname="TestCases.HomeLoanEMICalculator_Test" name="Loan_Amt_Validation" time="0.0">
    <skipped/>
  </testcase> <!-- Loan_Amt_Validation -->
  <testcase classname="TestCases.HomeLoanEMICalculator_Test" name="set_Interest_Rate" time="0.0">
    <skipped/>
  </testcase> <!-- set_Interest_Rate -->
  <testcase classname="TestCases.HomeLoanEMICalculator_Test" name="Setting_Loan_Duration" time="0.0">
    <skipped/>
  </testcase> <!-- Setting_Loan_Duration -->
  <testcase classname="TestCases.HomeLoanEMICalculator_Test" name="Loan_charges_set" time="0.0">
    <skipped/>
  </testcase> <!-- Loan_charges_set -->
  <testcase classname="TestCases.HomeLoanEMICalculator_Test" name="Loan_StartMonthAndYear_calenderOperations" time="0.0">
    <skipped/>
  </testcase> <!-- Loan_StartMonthAndYear_calenderOperations -->
  <testcase classname="TestCases.HomeLoanEMICalculator_Test" name="LoanStartMonthAndYear_setting" time="0.0">
    <skipped/>
  </testcase> <!-- LoanStartMonthAndYear_setting -->
  <testcase classname="TestCases.HomeLoanEMICalculator_Test" name="setting_OneTimeExpenses" time="0.0">
    <skipped/>
  </testcase> <!-- setting_OneTimeExpenses -->
  <testcase classname="TestCases.HomeLoanEMICalculator_Test" name="propertyTaxesperyear" time="0.0">
    <skipped/>
  </testcase> <!-- propertyTaxesperyear -->
  <testcase classname="TestCases.HomeLoanEMICalculator_Test" name="HomeInsurancePerYear_setting" time="0.0">
    <skipped/>
  </testcase> <!-- HomeInsurancePerYear_setting -->
  <testcase classname="TestCases.HomeLoanEMICalculator_Test" name="SettingMaintenanceExpenses" time="0.0">
    <skipped/>
  </testcase> <!-- SettingMaintenanceExpenses -->
  <testcase classname="TestCases.HomeLoanEMICalculator_Test" name="implementing_ExcelMethods_toStoreData" time="0.0">
    <skipped/>
  </testcase> <!-- implementing_ExcelMethods_toStoreData -->
  <testcase classname="TestCases.HomeLoanEMICalculator_Test" name="Navigation_toNextPage" time="0.0">
    <skipped/>
  </testcase> <!-- Navigation_toNextPage -->
</testsuite> <!-- Surefire test -->
