<?xml version="1.0" encoding="UTF-8"?>
<!-- Generated by org.testng.reporters.JUnitXMLReporter -->
<testsuite ignored="0" hostname="LTIN226766" failures="0" tests="30" name="Default test" time="0.411" errors="0" timestamp="2024-02-02T20:02:51 IST">
  <testcase classname="TestBase.BaseClass" name="@BeforeClass setup" time="-1.706884371078E9">
    <failure type="org.testng.TestNGException" message="
Parameter &amp;apos;os&amp;apos; is required by BeforeClass on method setup but has not been marked @Optional or defined
in C:\Users\2303447\AppData\Local\Temp\1\testng-eclipse--586533442\testng-customsuite.xml">
      <![CDATA[org.testng.TestNGException: 
Parameter 'os' is required by BeforeClass on method setup but has not been marked @Optional or defined
in C:\Users\2303447\AppData\Local\Temp\1\testng-eclipse--586533442\testng-customsuite.xml
at org.testng.internal.Parameters.createParams(Parameters.java:267)
at org.testng.internal.Parameters.createParametersForMethod(Parameters.java:355)
at org.testng.internal.Parameters.createParameters(Parameters.java:684)
at org.testng.internal.Parameters.createConfigurationParameters(Parameters.java:166)
at org.testng.internal.invokers.ConfigInvoker.invokeConfigurations(ConfigInvoker.java:306)
at org.testng.internal.invokers.TestMethodWorker.invokeBeforeClassMethods(TestMethodWorker.java:180)
at org.testng.internal.invokers.TestMethodWorker.run(TestMethodWorker.java:122)
at java.base/java.util.ArrayList.forEach(ArrayList.java:1511)
at org.testng.TestRunner.privateRun(TestRunner.java:848)
at org.testng.TestRunner.run(TestRunner.java:621)
at org.testng.SuiteRunner.runTest(SuiteRunner.java:443)
at org.testng.SuiteRunner.runSequentially(SuiteRunner.java:437)
at org.testng.SuiteRunner.privateRun(SuiteRunner.java:397)
at org.testng.SuiteRunner.run(SuiteRunner.java:336)
at org.testng.SuiteRunnerWorker.runSuite(SuiteRunnerWorker.java:52)
at org.testng.SuiteRunnerWorker.run(SuiteRunnerWorker.java:95)
at org.testng.TestNG.runSuitesSequentially(TestNG.java:1280)
at org.testng.TestNG.runSuitesLocally(TestNG.java:1200)
at org.testng.TestNG.runSuites(TestNG.java:1114)
at org.testng.TestNG.run(TestNG.java:1082)
at org.testng.remote.AbstractRemoteTestNG.run(AbstractRemoteTestNG.java:115)
at org.testng.remote.RemoteTestNG.initAndRun(RemoteTestNG.java:251)
at org.testng.remote.RemoteTestNG.main(RemoteTestNG.java:77)
]]>
    </failure>
  </testcase> <!-- @BeforeClass setup -->
  <testcase classname="TestBase.BaseClass" name="@AfterClass tearDown" time="0.0">
    <skipped/>
  </testcase> <!-- @AfterClass tearDown -->
  <testcase classname="TestCases.GoogleHome_Test" name="search_action" time="0.001">
    <skipped/>
  </testcase> <!-- search_action -->
  <testcase classname="TestCases.GoogleHome_Test" name="search" time="0.0">
    <skipped/>
  </testcase> <!-- search -->
  <testcase classname="TestCases.GoogleHome_Test" name="open_webpage" time="0.0">
    <skipped/>
  </testcase> <!-- open_webpage -->
  <testcase classname="TestCases.EMI_CalculatorHomePage_TEST" name="clickONCarloan" time="0.001">
    <skipped/>
  </testcase> <!-- clickONCarloan -->
  <testcase classname="TestCases.EMI_CalculatorHomePage_TEST" name="refreshPage" time="0.0">
    <skipped/>
  </testcase> <!-- refreshPage -->
  <testcase classname="TestCases.EMI_CalculatorHomePage_TEST" name="load_EMICalculator_LINK" time="0.0">
    <skipped/>
  </testcase> <!-- load_EMICalculator_LINK -->
  <testcase classname="TestCases.HomeLoanEMICalculator_Test" name="HomeLoan_Validation" time="0.0">
    <skipped/>
  </testcase> <!-- HomeLoan_Validation -->
  <testcase classname="TestCases.HomeLoanEMICalculator_Test" name="advertisement_handling" time="0.001">
    <skipped/>
  </testcase> <!-- advertisement_handling -->
  <testcase classname="TestCases.HomeLoanEMICalculator_Test" name="setHomeValue_InCalculator" time="0.0">
    <skipped/>
  </testcase> <!-- setHomeValue_InCalculator -->
  <testcase classname="TestCases.HomeLoanEMICalculator_Test" name="setDownPayment_InCalculator" time="0.0">
    <skipped/>
  </testcase> <!-- setDownPayment_InCalculator -->
  <testcase classname="TestCases.HomeLoanEMICalculator_Test" name="clickOn_DownPayment_Button_Select_Rupees" time="0.0">
    <skipped/>
  </testcase> <!-- clickOn_DownPayment_Button_Select_Rupees -->
  <testcase classname="TestCases.HomeLoanEMICalculator_Test" name="Down_Payment_Amount" time="0.001">
    <skipped/>
  </testcase> <!-- Down_Payment_Amount -->
  <testcase classname="TestCases.HomeLoanEMICalculator_Test" name="setting_LoanInsurance_Amount" time="0.001">
    <skipped/>
  </testcase> <!-- setting_LoanInsurance_Amount -->
  <testcase classname="TestCases.HomeLoanEMICalculator_Test" name="Loan_Amt_Validation" time="0.0">
    <skipped/>
  </testcase> <!-- Loan_Amt_Validation -->
  <testcase classname="TestCases.HomeLoanEMICalculator_Test" name="set_Interest_Rate" time="0.0">
    <skipped/>
  </testcase> <!-- set_Interest_Rate -->
  <testcase classname="TestCases.HomeLoanEMICalculator_Test" name="Loan_charges_set" time="0.0">
    <skipped/>
  </testcase> <!-- Loan_charges_set -->
  <testcase classname="TestCases.HomeLoanEMICalculator_Test" name="Setting_Loan_Duration" time="0.0">
    <skipped/>
  </testcase> <!-- Setting_Loan_Duration -->
  <testcase classname="TestCases.HomeLoanEMICalculator_Test" name="convert_Year_ToMonths" time="0.0">
    <skipped/>
  </testcase> <!-- convert_Year_ToMonths -->
  <testcase classname="TestCases.HomeLoanEMICalculator_Test" name="Loan_StartMonthAndYear_calenderOperations" time="0.0">
    <skipped/>
  </testcase> <!-- Loan_StartMonthAndYear_calenderOperations -->
  <testcase classname="TestCases.HomeLoanEMICalculator_Test" name="LoanStartMonthAndYear_setting" time="0.0">
    <skipped/>
  </testcase> <!-- LoanStartMonthAndYear_setting -->
  <testcase classname="TestCases.HomeLoanEMICalculator_Test" name="setting_OneTimeExpenses" time="0.001">
    <skipped/>
  </testcase> <!-- setting_OneTimeExpenses -->
  <testcase classname="TestCases.HomeLoanEMICalculator_Test" name="propertyTaxesperyear" time="0.0">
    <skipped/>
  </testcase> <!-- propertyTaxesperyear -->
  <testcase classname="TestCases.HomeLoanEMICalculator_Test" name="HomeInsurancePerYear_setting" time="0.0">
    <skipped/>
  </testcase> <!-- HomeInsurancePerYear_setting -->
  <testcase classname="TestCases.HomeLoanEMICalculator_Test" name="SettingMaintenanceExpenses" time="0.0">
    <skipped/>
  </testcase> <!-- SettingMaintenanceExpenses -->
  <testcase classname="TestCases.HomeLoanEMICalculator_Test" name="implementing_ExcelMethods_toStoreData" time="0.0">
    <skipped/>
  </testcase> <!-- implementing_ExcelMethods_toStoreData -->
  <testcase classname="TestCases.HomeLoanEMICalculator_Test" name="Navigation_toNextPage" time="0.0">
    <skipped/>
  </testcase> <!-- Navigation_toNextPage -->
  <testcase classname="TestCases.UI_CheckForCalculators" name="emiCalculator_Is_Present_Validation" time="0.0">
    <skipped/>
  </testcase> <!-- emiCalculator_Is_Present_Validation -->
  <testcase classname="TestCases.UI_CheckForCalculators" name="LoanAmountCalculator_Is_Present_Validation" time="0.0">
    <skipped/>
  </testcase> <!-- LoanAmountCalculator_Is_Present_Validation -->
  <testcase classname="TestCases.UI_CheckForCalculators" name="LoanTennure_CalculatorIs_Present_Validation" time="0.0">
    <skipped/>
  </testcase> <!-- LoanTennure_CalculatorIs_Present_Validation -->
  <testcase classname="TestCases.UI_CheckForCalculators" name="LoanInterest_CalculatorIs_Present_Validation" time="0.0">
    <skipped/>
  </testcase> <!-- LoanInterest_CalculatorIs_Present_Validation -->
</testsuite> <!-- Default test -->
