<?xml version="1.0" encoding="UTF-8"?>
<!-- Generated by org.testng.reporters.JUnitXMLReporter -->
<testsuite ignored="0" hostname="LTIN226766" failures="1" tests="45" name="chrometest" time="80.844" errors="0" timestamp="2024-02-07T17:59:34 IST">
  <testcase classname="TestCases.GoogleHome_Test" name="search_action" time="1.498"/>
  <testcase classname="TestCases.GoogleHome_Test" name="search" time="2.912"/>
  <testcase classname="TestCases.GoogleHome_Test" name="open_webpage" time="7.963"/>
  <testcase classname="TestCases.EMI_CalculatorHomePage_TEST" name="clickONCarloan" time="0.258"/>
  <testcase classname="TestCases.EMI_CalculatorHomePage_TEST" name="refreshPage" time="0.956"/>
  <testcase classname="TestCases.EMI_CalculatorHomePage_TEST" name="load_EMICalculator_LINK" time="9.316"/>
  <testcase classname="TestCases.HomeLoanEMICalculator_Test" name="HomeLoan_Validation" time="8.215"/>
  <testcase classname="TestCases.HomeLoanEMICalculator_Test" name="setHomeValue_InCalculator" time="0.451"/>
  <testcase classname="TestCases.HomeLoanEMICalculator_Test" name="setDownPayment_InCalculator" time="1.014"/>
  <testcase classname="TestCases.HomeLoanEMICalculator_Test" name="setting_LoanInsurance_Amount" time="0.393"/>
  <testcase classname="TestCases.HomeLoanEMICalculator_Test" name="Loan_Amt_Validation" time="0.135"/>
  <testcase classname="TestCases.HomeLoanEMICalculator_Test" name="set_Interest_Rate" time="0.543"/>
  <testcase classname="TestCases.HomeLoanEMICalculator_Test" name="Setting_Loan_Duration" time="0.679"/>
  <testcase classname="TestCases.HomeLoanEMICalculator_Test" name="Loan_charges_set" time="2.636"/>
  <testcase classname="TestCases.HomeLoanEMICalculator_Test" name="Loan_StartMonthAndYear_calenderOperations" time="0.422"/>
  <testcase classname="TestCases.HomeLoanEMICalculator_Test" name="LoanStartMonthAndYear_setting" time="0.491"/>
  <testcase classname="TestCases.HomeLoanEMICalculator_Test" name="setting_OneTimeExpenses" time="2.609"/>
  <testcase classname="TestCases.HomeLoanEMICalculator_Test" name="propertyTaxesperyear" time="2.546"/>
  <testcase classname="TestCases.HomeLoanEMICalculator_Test" name="HomeInsurancePerYear_setting" time="3.473"/>
  <testcase classname="TestCases.HomeLoanEMICalculator_Test" name="SettingMaintenanceExpenses" time="0.286"/>
  <testcase classname="TestCases.HomeLoanEMICalculator_Test" name="implementing_ExcelMethods_toStoreData" time="4.321">
    <failure type="org.apache.poi.openxml4j.exceptions.NotOfficeXmlFileException" message="No valid entries or contents found, this is not a valid OOXML (Office Open XML) file">
      <![CDATA[org.apache.poi.openxml4j.exceptions.NotOfficeXmlFileException: No valid entries or contents found, this is not a valid OOXML (Office Open XML) file
at org.apache.poi.openxml4j.util.ZipArchiveThresholdInputStream.getNextEntry(ZipArchiveThresholdInputStream.java:159)
at org.apache.poi.openxml4j.util.ZipInputStreamZipEntrySource.<init>(ZipInputStreamZipEntrySource.java:94)
at org.apache.poi.openxml4j.opc.ZipPackage.<init>(ZipPackage.java:157)
at org.apache.poi.openxml4j.opc.OPCPackage.open(OPCPackage.java:351)
at org.apache.poi.ooxml.util.PackageHelper.open(PackageHelper.java:64)
at org.apache.poi.xssf.usermodel.XSSFWorkbook.<init>(XSSFWorkbook.java:313)
at org.apache.poi.xssf.usermodel.XSSFWorkbook.<init>(XSSFWorkbook.java:287)
at utilities.ExcelUtility.writeData(ExcelUtility.java:35)
at PageObjects.HomeLoanEMICalculator.readData(HomeLoanEMICalculator.java:455)
at TestCases.HomeLoanEMICalculator_Test.implementing_ExcelMethods_toStoreData(HomeLoanEMICalculator_Test.java:261)
at java.base/java.util.ArrayList.forEach(ArrayList.java:1511)
Caused by: java.util.zip.ZipException: Unexpected record signature: 0x0
at org.apache.commons.compress.archivers.zip.ZipArchiveInputStream.getNextZipEntry(ZipArchiveInputStream.java:770)
at org.apache.poi.openxml4j.util.ZipArchiveThresholdInputStream.getNextEntry(ZipArchiveThresholdInputStream.java:150)
... 37 more
... Removed 27 stack frames]]>
    </failure>
  </testcase> <!-- implementing_ExcelMethods_toStoreData -->
  <testcase classname="TestCases.HomeLoanEMICalculator_Test" name="Navigation_toNextPage" time="3.885"/>
  <testcase classname="TestCases.UI_CheckForLoanAmountCalculators" name="validation_Of_EMI_Calculator" time="0.2"/>
  <testcase classname="TestCases.UI_CheckForLoanAmountCalculators" name="validationOf_Loan_Amount_Calculator" time="0.078"/>
  <testcase classname="TestCases.UI_CheckForLoanAmountCalculators" name="validationOf_Loan_Tenure_Calculator" time="0.091"/>
  <testcase classname="TestCases.UI_CheckForLoanAmountCalculators" name="validationOf_Loan_Interest_Calculator" time="0.091"/>
  <testcase classname="TestCases.UI_CheckForLoanAmountCalculators" name="does_setingLoan_Amount" time="0.383"/>
  <testcase classname="TestCases.UI_CheckForLoanAmountCalculators" name="does_setingLoan_Interest_Rate" time="0.498"/>
  <testcase classname="TestCases.UI_CheckForLoanAmountCalculators" name="LoanTennure_CalculatorIs_Present_Validation" time="0.48"/>
  <testcase classname="TestCases.UI_CheckForLoanAmountCalculators" name="does_setingLoan_FeesAndCharges" time="0.588"/>
  <testcase classname="TestCases.UI_CheckForLoanEMICalc" name="needTo_setLoan_Amount" time="0.463"/>
  <testcase classname="TestCases.UI_CheckForLoanEMICalc" name="needTo_setLoan_Interest_Rate" time="0.487"/>
  <testcase classname="TestCases.UI_CheckForLoanEMICalc" name="needTo_setLoan_Tennure" time="0.453"/>
  <testcase classname="TestCases.UI_CheckForLoanEMICalc" name="needTo_setLoan_FeesAndCharges" time="0.471"/>
  <testcase classname="TestCases.UI_CheckForLoanEMICalc" name="needTo_NavigateToNxtPage" time="0.237"/>
  <testcase classname="TestCases.UI_CheckForLoanTennureCalc" name="do_setsLoan_Amount" time="3.371"/>
  <testcase classname="TestCases.UI_CheckForLoanTennureCalc" name="do_setsEMI_Amount" time="0.614"/>
  <testcase classname="TestCases.UI_CheckForLoanTennureCalc" name="do_setsLoan_AmountInterest_RATE" time="0.543"/>
  <testcase classname="TestCases.UI_CheckForLoanTennureCalc" name="do_setsFees_AND_Charges_Amount" time="0.513"/>
  <testcase classname="TestCases.UI_CheckForLoanTennureCalc" name="do_NavigateToNextPAGE" time="0.245"/>
  <testcase classname="TestCases.UI_CheckForInterestRATECalc" name="do_settingLoan_Amount" time="0.449"/>
  <testcase classname="TestCases.UI_CheckForInterestRATECalc" name="do_settingEMI_Amount" time="0.373"/>
  <testcase classname="TestCases.UI_CheckForInterestRATECalc" name="do_setingLoan_Tennure" time="0.474"/>
  <testcase classname="TestCases.UI_CheckForInterestRATECalc" name="do_setingLoan_FeesAndCharges" time="0.499"/>
  <testcase classname="TestCases.UI_CheckForInterestRATECalc" name="do_validation_Result" time="0.06"/>
</testsuite> <!-- chrometest -->
