<?xml version="1.0" encoding="UTF-8"?>
<!-- Generated by org.testng.reporters.JUnitXMLReporter -->
<testsuite ignored="44" hostname="LTIN226766" failures="1" tests="1" name="chrometest(failed)" time="24.714" errors="0" timestamp="2024-02-07T18:02:24 IST">
  <testcase classname="TestCases.HomeLoanEMICalculator_Test" name="implementing_ExcelMethods_toStoreData" time="10.163">
    <failure type="org.openqa.selenium.NoSuchElementException" message="no such element: Unable to locate element: {&amp;quot;method&amp;quot;:&amp;quot;xpath&amp;quot;,&amp;quot;selector&amp;quot;:&amp;quot;//div[@id=&amp;apos;paymentschedule&amp;apos;]&amp;quot;}
  (Session info: chrome=120.0.6099.130)
For documentation on this error, please visit: https://www.selenium.dev/documentation/webdriver/troubleshooting/errors#no-such-element-exception
Build info: version: &amp;apos;4.15.0&amp;apos;, revision: &amp;apos;1d14b5521b&amp;apos;
System info: os.name: &amp;apos;Windows 11&amp;apos;, os.arch: &amp;apos;amd64&amp;apos;, os.version: &amp;apos;10.0&amp;apos;, java.version: &amp;apos;17.0.9&amp;apos;
Driver info: org.openqa.selenium.chrome.ChromeDriver
Command: [435ed8959f8c34a3273dbf2aa37c2d01, findElement {using=xpath, value=//div[@id=&amp;apos;paymentschedule&amp;apos;]}]
Capabilities {acceptInsecureCerts: false, browserName: chrome, browserVersion: 120.0.6099.130, chrome: {chromedriverVersion: 120.0.6099.109 (3419140ab66..., userDataDir: C:\Windows\SystemTemp\scope...}, fedcm:accounts: true, goog:chromeOptions: {debuggerAddress: localhost:54222}, networkConnectionEnabled: false, pageLoadStrategy: normal, platformName: windows, proxy: Proxy(), se:cdp: ws://localhost:54222/devtoo..., se:cdpVersion: 120.0.6099.130, setWindowRect: true, strictFileInteractability: false, timeouts: {implicit: 0, pageLoad: 300000, script: 30000}, unhandledPromptBehavior: dismiss and notify, webauthn:extension:credBlob: true, webauthn:extension:largeBlob: true, webauthn:extension:minPinLength: true, webauthn:extension:prf: true, webauthn:virtualAuthenticators: true}
Session ID: 435ed8959f8c34a3273dbf2aa37c2d01">
      <![CDATA[org.openqa.selenium.NoSuchElementException: no such element: Unable to locate element: {"method":"xpath","selector":"//div[@id='paymentschedule']"}
  (Session info: chrome=120.0.6099.130)
For documentation on this error, please visit: https://www.selenium.dev/documentation/webdriver/troubleshooting/errors#no-such-element-exception
Build info: version: '4.15.0', revision: '1d14b5521b'
System info: os.name: 'Windows 11', os.arch: 'amd64', os.version: '10.0', java.version: '17.0.9'
Driver info: org.openqa.selenium.chrome.ChromeDriver
Command: [435ed8959f8c34a3273dbf2aa37c2d01, findElement {using=xpath, value=//div[@id='paymentschedule']}]
Capabilities {acceptInsecureCerts: false, browserName: chrome, browserVersion: 120.0.6099.130, chrome: {chromedriverVersion: 120.0.6099.109 (3419140ab66..., userDataDir: C:\Windows\SystemTemp\scope...}, fedcm:accounts: true, goog:chromeOptions: {debuggerAddress: localhost:54222}, networkConnectionEnabled: false, pageLoadStrategy: normal, platformName: windows, proxy: Proxy(), se:cdp: ws://localhost:54222/devtoo..., se:cdpVersion: 120.0.6099.130, setWindowRect: true, strictFileInteractability: false, timeouts: {implicit: 0, pageLoad: 300000, script: 30000}, unhandledPromptBehavior: dismiss and notify, webauthn:extension:credBlob: true, webauthn:extension:largeBlob: true, webauthn:extension:minPinLength: true, webauthn:extension:prf: true, webauthn:virtualAuthenticators: true}
Session ID: 435ed8959f8c34a3273dbf2aa37c2d01
at org.openqa.selenium.remote.codec.w3c.W3CHttpResponseCodec.createException(W3CHttpResponseCodec.java:200)
at org.openqa.selenium.remote.codec.w3c.W3CHttpResponseCodec.decode(W3CHttpResponseCodec.java:133)
at org.openqa.selenium.remote.codec.w3c.W3CHttpResponseCodec.decode(W3CHttpResponseCodec.java:52)
at org.openqa.selenium.remote.HttpCommandExecutor.execute(HttpCommandExecutor.java:191)
at org.openqa.selenium.remote.service.DriverCommandExecutor.invokeExecute(DriverCommandExecutor.java:200)
at org.openqa.selenium.remote.service.DriverCommandExecutor.execute(DriverCommandExecutor.java:175)
at org.openqa.selenium.remote.RemoteWebDriver.execute(RemoteWebDriver.java:607)
at org.openqa.selenium.remote.ElementLocation$ElementFinder$2.findElement(ElementLocation.java:165)
at org.openqa.selenium.remote.ElementLocation.findElement(ElementLocation.java:59)
at org.openqa.selenium.remote.RemoteWebDriver.findElement(RemoteWebDriver.java:364)
at org.openqa.selenium.remote.RemoteWebDriver.findElement(RemoteWebDriver.java:358)
at org.openqa.selenium.support.pagefactory.DefaultElementLocator.findElement(DefaultElementLocator.java:68)
at org.openqa.selenium.support.pagefactory.internal.LocatingElementHandler.invoke(LocatingElementHandler.java:38)
at jdk.proxy2/jdk.proxy2.$Proxy29.getWrappedElement(Unknown Source)
at org.openqa.selenium.remote.internal.WebElementToJsonConverter.apply(WebElementToJsonConverter.java:51)
at java.base/java.util.stream.ReferencePipeline$3$1.accept(ReferencePipeline.java:197)
at java.base/java.util.Spliterators$ArraySpliterator.forEachRemaining(Spliterators.java:992)
at java.base/java.util.stream.AbstractPipeline.copyInto(AbstractPipeline.java:509)
at java.base/java.util.stream.AbstractPipeline.wrapAndCopyInto(AbstractPipeline.java:499)
at java.base/java.util.stream.ReduceOps$ReduceOp.evaluateSequential(ReduceOps.java:921)
at java.base/java.util.stream.AbstractPipeline.evaluate(AbstractPipeline.java:234)
at java.base/java.util.stream.ReferencePipeline.collect(ReferencePipeline.java:682)
at org.openqa.selenium.remote.RemoteWebDriver.executeScript(RemoteWebDriver.java:470)
at PageObjects.HomeLoanEMICalculator.readData(HomeLoanEMICalculator.java:447)
at TestCases.HomeLoanEMICalculator_Test.implementing_ExcelMethods_toStoreData(HomeLoanEMICalculator_Test.java:261)
at java.base/java.util.ArrayList.forEach(ArrayList.java:1511)
... Removed 32 stack frames]]>
    </failure>
  </testcase> <!-- implementing_ExcelMethods_toStoreData -->
  <testcase classname="TestCases.UI_CheckForLoanAmountCalculators" name="validation_Of_EMI_Calculator" time="0.0">
    <ignored/>
  </testcase> <!-- validation_Of_EMI_Calculator -->
  <testcase classname="TestCases.HomeLoanEMICalculator_Test" name="LoanStartMonthAndYear_setting" time="0.0">
    <ignored/>
  </testcase> <!-- LoanStartMonthAndYear_setting -->
  <testcase classname="TestCases.UI_CheckForLoanTennureCalc" name="do_setsLoan_Amount" time="0.0">
    <ignored/>
  </testcase> <!-- do_setsLoan_Amount -->
  <testcase classname="TestCases.UI_CheckForLoanAmountCalculators" name="does_setingLoan_FeesAndCharges" time="0.0">
    <ignored/>
  </testcase> <!-- does_setingLoan_FeesAndCharges -->
  <testcase classname="TestCases.HomeLoanEMICalculator_Test" name="HomeInsurancePerYear_setting" time="0.0">
    <ignored/>
  </testcase> <!-- HomeInsurancePerYear_setting -->
  <testcase classname="TestCases.UI_CheckForLoanTennureCalc" name="do_NavigateToNextPAGE" time="0.0">
    <ignored/>
  </testcase> <!-- do_NavigateToNextPAGE -->
  <testcase classname="TestCases.UI_CheckForLoanEMICalc" name="needTo_NavigateToNxtPage" time="0.0">
    <ignored/>
  </testcase> <!-- needTo_NavigateToNxtPage -->
  <testcase classname="TestCases.UI_CheckForLoanAmountCalculators" name="does_setingLoan_Amount" time="0.0">
    <ignored/>
  </testcase> <!-- does_setingLoan_Amount -->
  <testcase classname="TestCases.EMI_CalculatorHomePage_TEST" name="load_EMICalculator_LINK" time="0.0">
    <ignored/>
  </testcase> <!-- load_EMICalculator_LINK -->
  <testcase classname="TestCases.UI_CheckForLoanTennureCalc" name="do_setsFees_AND_Charges_Amount" time="0.0">
    <ignored/>
  </testcase> <!-- do_setsFees_AND_Charges_Amount -->
  <testcase classname="TestCases.HomeLoanEMICalculator_Test" name="propertyTaxesperyear" time="0.0">
    <ignored/>
  </testcase> <!-- propertyTaxesperyear -->
  <testcase classname="TestCases.UI_CheckForLoanEMICalc" name="needTo_setLoan_FeesAndCharges" time="0.0">
    <ignored/>
  </testcase> <!-- needTo_setLoan_FeesAndCharges -->
  <testcase classname="TestCases.UI_CheckForInterestRATECalc" name="do_setingLoan_Tennure" time="0.0">
    <ignored/>
  </testcase> <!-- do_setingLoan_Tennure -->
  <testcase classname="TestCases.HomeLoanEMICalculator_Test" name="setDownPayment_InCalculator" time="0.0">
    <ignored/>
  </testcase> <!-- setDownPayment_InCalculator -->
  <testcase classname="TestCases.UI_CheckForInterestRATECalc" name="do_validation_Result" time="0.0">
    <ignored/>
  </testcase> <!-- do_validation_Result -->
  <testcase classname="TestCases.HomeLoanEMICalculator_Test" name="Loan_StartMonthAndYear_calenderOperations" time="0.0">
    <ignored/>
  </testcase> <!-- Loan_StartMonthAndYear_calenderOperations -->
  <testcase classname="TestCases.HomeLoanEMICalculator_Test" name="Navigation_toNextPage" time="0.0">
    <ignored/>
  </testcase> <!-- Navigation_toNextPage -->
  <testcase classname="TestCases.HomeLoanEMICalculator_Test" name="setting_OneTimeExpenses" time="0.0">
    <ignored/>
  </testcase> <!-- setting_OneTimeExpenses -->
  <testcase classname="TestCases.HomeLoanEMICalculator_Test" name="Loan_Amt_Validation" time="0.0">
    <ignored/>
  </testcase> <!-- Loan_Amt_Validation -->
  <testcase classname="TestCases.UI_CheckForLoanAmountCalculators" name="validationOf_Loan_Tenure_Calculator" time="0.0">
    <ignored/>
  </testcase> <!-- validationOf_Loan_Tenure_Calculator -->
  <testcase classname="TestCases.UI_CheckForLoanAmountCalculators" name="validationOf_Loan_Interest_Calculator" time="0.0">
    <ignored/>
  </testcase> <!-- validationOf_Loan_Interest_Calculator -->
  <testcase classname="TestCases.HomeLoanEMICalculator_Test" name="setHomeValue_InCalculator" time="0.0">
    <ignored/>
  </testcase> <!-- setHomeValue_InCalculator -->
  <testcase classname="TestCases.UI_CheckForLoanAmountCalculators" name="validationOf_Loan_Amount_Calculator" time="0.0">
    <ignored/>
  </testcase> <!-- validationOf_Loan_Amount_Calculator -->
  <testcase classname="TestCases.GoogleHome_Test" name="search_action" time="0.0">
    <ignored/>
  </testcase> <!-- search_action -->
  <testcase classname="TestCases.UI_CheckForLoanEMICalc" name="needTo_setLoan_Interest_Rate" time="0.0">
    <ignored/>
  </testcase> <!-- needTo_setLoan_Interest_Rate -->
  <testcase classname="TestCases.HomeLoanEMICalculator_Test" name="SettingMaintenanceExpenses" time="0.0">
    <ignored/>
  </testcase> <!-- SettingMaintenanceExpenses -->
  <testcase classname="TestCases.UI_CheckForInterestRATECalc" name="do_settingEMI_Amount" time="0.0">
    <ignored/>
  </testcase> <!-- do_settingEMI_Amount -->
  <testcase classname="TestCases.UI_CheckForLoanTennureCalc" name="do_setsEMI_Amount" time="0.0">
    <ignored/>
  </testcase> <!-- do_setsEMI_Amount -->
  <testcase classname="TestCases.EMI_CalculatorHomePage_TEST" name="clickONCarloan" time="0.0">
    <ignored/>
  </testcase> <!-- clickONCarloan -->
  <testcase classname="TestCases.UI_CheckForLoanAmountCalculators" name="LoanTennure_CalculatorIs_Present_Validation" time="0.0">
    <ignored/>
  </testcase> <!-- LoanTennure_CalculatorIs_Present_Validation -->
  <testcase classname="TestCases.HomeLoanEMICalculator_Test" name="set_Interest_Rate" time="0.0">
    <ignored/>
  </testcase> <!-- set_Interest_Rate -->
  <testcase classname="TestCases.UI_CheckForInterestRATECalc" name="do_settingLoan_Amount" time="0.0">
    <ignored/>
  </testcase> <!-- do_settingLoan_Amount -->
  <testcase classname="TestCases.UI_CheckForLoanEMICalc" name="needTo_setLoan_Amount" time="0.0">
    <ignored/>
  </testcase> <!-- needTo_setLoan_Amount -->
  <testcase classname="TestCases.GoogleHome_Test" name="search" time="0.0">
    <ignored/>
  </testcase> <!-- search -->
  <testcase classname="TestCases.UI_CheckForLoanTennureCalc" name="do_setsLoan_AmountInterest_RATE" time="0.0">
    <ignored/>
  </testcase> <!-- do_setsLoan_AmountInterest_RATE -->
  <testcase classname="TestCases.GoogleHome_Test" name="open_webpage" time="0.0">
    <ignored/>
  </testcase> <!-- open_webpage -->
  <testcase classname="TestCases.HomeLoanEMICalculator_Test" name="Setting_Loan_Duration" time="0.0">
    <ignored/>
  </testcase> <!-- Setting_Loan_Duration -->
  <testcase classname="TestCases.HomeLoanEMICalculator_Test" name="setting_LoanInsurance_Amount" time="0.0">
    <ignored/>
  </testcase> <!-- setting_LoanInsurance_Amount -->
  <testcase classname="TestCases.HomeLoanEMICalculator_Test" name="Loan_charges_set" time="0.0">
    <ignored/>
  </testcase> <!-- Loan_charges_set -->
  <testcase classname="TestCases.EMI_CalculatorHomePage_TEST" name="refreshPage" time="0.0">
    <ignored/>
  </testcase> <!-- refreshPage -->
  <testcase classname="TestCases.HomeLoanEMICalculator_Test" name="HomeLoan_Validation" time="0.0">
    <ignored/>
  </testcase> <!-- HomeLoan_Validation -->
  <testcase classname="TestCases.UI_CheckForLoanEMICalc" name="needTo_setLoan_Tennure" time="0.0">
    <ignored/>
  </testcase> <!-- needTo_setLoan_Tennure -->
  <testcase classname="TestCases.UI_CheckForLoanAmountCalculators" name="does_setingLoan_Interest_Rate" time="0.0">
    <ignored/>
  </testcase> <!-- does_setingLoan_Interest_Rate -->
  <testcase classname="TestCases.UI_CheckForInterestRATECalc" name="do_setingLoan_FeesAndCharges" time="0.0">
    <ignored/>
  </testcase> <!-- do_setingLoan_FeesAndCharges -->
</testsuite> <!-- chrometest(failed) -->
