<?xml version="1.0" encoding="UTF-8"?>
<!-- Generated by org.testng.reporters.JUnitReportReporter -->
<testsuite hostname="LTIN226766" failures="0" tests="23" name="TestCases.HomeLoanEMICalculator_Test" time="-1707195648.000" errors="1" timestamp="2024-02-06T10:30:20 IST" skipped="22">
  <testcase classname="TestCases.HomeLoanEMICalculator_Test" name="setup" time="-1707195648.000">
    <error message="
Parameter &#039;os&#039; is required by BeforeClass on method setup but has not been marked @Optional or defined
" type="org.testng.TestNGException">
      <![CDATA[org.testng.TestNGException: 
Parameter 'os' is required by BeforeClass on method setup but has not been marked @Optional or defined

at org.testng.internal.Parameters.createParams(Parameters.java:267)
at org.testng.internal.Parameters.createParametersForMethod(Parameters.java:355)
at org.testng.internal.Parameters.createParameters(Parameters.java:684)
at org.testng.internal.Parameters.createConfigurationParameters(Parameters.java:166)
at org.testng.internal.invokers.ConfigInvoker.invokeConfigurations(ConfigInvoker.java:306)
at org.testng.internal.invokers.TestMethodWorker.invokeBeforeClassMethods(TestMethodWorker.java:180)
at org.testng.internal.invokers.TestMethodWorker.run(TestMethodWorker.java:122)
at java.base/java.util.ArrayList.forEach(ArrayList.java:1511)
at org.testng.TestRunner.privateRun(TestRunner.java:848)
at org.testng.TestRunner.run(TestRunner.java:621)
at org.testng.SuiteRunner.runTest(SuiteRunner.java:443)
at org.testng.SuiteRunner.runSequentially(SuiteRunner.java:437)
at org.testng.SuiteRunner.privateRun(SuiteRunner.java:397)
at org.testng.SuiteRunner.run(SuiteRunner.java:336)
at org.testng.SuiteRunnerWorker.runSuite(SuiteRunnerWorker.java:52)
at org.testng.SuiteRunnerWorker.run(SuiteRunnerWorker.java:95)
at org.testng.TestNG.runSuitesSequentially(TestNG.java:1280)
at org.testng.TestNG.runSuitesLocally(TestNG.java:1200)
at org.testng.TestNG.runSuites(TestNG.java:1114)
at org.testng.TestNG.run(TestNG.java:1082)
at org.apache.maven.surefire.testng.TestNGExecutor.run(TestNGExecutor.java:135)
at org.apache.maven.surefire.testng.TestNGDirectoryTestSuite.executeMulti(TestNGDirectoryTestSuite.java:193)
at org.apache.maven.surefire.testng.TestNGDirectoryTestSuite.execute(TestNGDirectoryTestSuite.java:94)
at org.apache.maven.surefire.testng.TestNGProvider.invoke(TestNGProvider.java:146)
at org.apache.maven.surefire.booter.ForkedBooter.invokeProviderInSameClassLoader(ForkedBooter.java:384)
at org.apache.maven.surefire.booter.ForkedBooter.runSuitesInProcess(ForkedBooter.java:345)
at org.apache.maven.surefire.booter.ForkedBooter.execute(ForkedBooter.java:126)
at org.apache.maven.surefire.booter.ForkedBooter.main(ForkedBooter.java:418)
]]>
    </error>
  </testcase> <!-- setup -->
  <testcase classname="TestCases.HomeLoanEMICalculator_Test" name="search_action" time="0.000">
    <skipped/>
  </testcase> <!-- search_action -->
  <testcase classname="TestCases.HomeLoanEMICalculator_Test" name="search" time="0.000">
    <skipped/>
  </testcase> <!-- search -->
  <testcase classname="TestCases.HomeLoanEMICalculator_Test" name="open_webpage" time="0.000">
    <skipped/>
  </testcase> <!-- open_webpage -->
  <testcase classname="TestCases.HomeLoanEMICalculator_Test" name="clickONCarloan" time="0.000">
    <skipped/>
  </testcase> <!-- clickONCarloan -->
  <testcase classname="TestCases.HomeLoanEMICalculator_Test" name="refreshPage" time="0.000">
    <skipped/>
  </testcase> <!-- refreshPage -->
  <testcase classname="TestCases.HomeLoanEMICalculator_Test" name="load_EMICalculator_LINK" time="0.000">
    <skipped/>
  </testcase> <!-- load_EMICalculator_LINK -->
  <testcase classname="TestCases.HomeLoanEMICalculator_Test" name="HomeLoan_Validation" time="0.000">
    <skipped/>
  </testcase> <!-- HomeLoan_Validation -->
  <testcase classname="TestCases.HomeLoanEMICalculator_Test" name="setHomeValue_InCalculator" time="0.000">
    <skipped/>
  </testcase> <!-- setHomeValue_InCalculator -->
  <testcase classname="TestCases.HomeLoanEMICalculator_Test" name="setDownPayment_InCalculator" time="0.001">
    <skipped/>
  </testcase> <!-- setDownPayment_InCalculator -->
  <testcase classname="TestCases.HomeLoanEMICalculator_Test" name="setting_LoanInsurance_Amount" time="0.000">
    <skipped/>
  </testcase> <!-- setting_LoanInsurance_Amount -->
  <testcase classname="TestCases.HomeLoanEMICalculator_Test" name="Loan_Amt_Validation" time="0.000">
    <skipped/>
  </testcase> <!-- Loan_Amt_Validation -->
  <testcase classname="TestCases.HomeLoanEMICalculator_Test" name="set_Interest_Rate" time="0.000">
    <skipped/>
  </testcase> <!-- set_Interest_Rate -->
  <testcase classname="TestCases.HomeLoanEMICalculator_Test" name="Setting_Loan_Duration" time="0.000">
    <skipped/>
  </testcase> <!-- Setting_Loan_Duration -->
  <testcase classname="TestCases.HomeLoanEMICalculator_Test" name="Loan_charges_set" time="0.000">
    <skipped/>
  </testcase> <!-- Loan_charges_set -->
  <testcase classname="TestCases.HomeLoanEMICalculator_Test" name="Loan_StartMonthAndYear_calenderOperations" time="0.000">
    <skipped/>
  </testcase> <!-- Loan_StartMonthAndYear_calenderOperations -->
  <testcase classname="TestCases.HomeLoanEMICalculator_Test" name="LoanStartMonthAndYear_setting" time="0.000">
    <skipped/>
  </testcase> <!-- LoanStartMonthAndYear_setting -->
  <testcase classname="TestCases.HomeLoanEMICalculator_Test" name="setting_OneTimeExpenses" time="0.000">
    <skipped/>
  </testcase> <!-- setting_OneTimeExpenses -->
  <testcase classname="TestCases.HomeLoanEMICalculator_Test" name="propertyTaxesperyear" time="0.000">
    <skipped/>
  </testcase> <!-- propertyTaxesperyear -->
  <testcase classname="TestCases.HomeLoanEMICalculator_Test" name="HomeInsurancePerYear_setting" time="0.000">
    <skipped/>
  </testcase> <!-- HomeInsurancePerYear_setting -->
  <testcase classname="TestCases.HomeLoanEMICalculator_Test" name="SettingMaintenanceExpenses" time="0.000">
    <skipped/>
  </testcase> <!-- SettingMaintenanceExpenses -->
  <testcase classname="TestCases.HomeLoanEMICalculator_Test" name="implementing_ExcelMethods_toStoreData" time="0.000">
    <skipped/>
  </testcase> <!-- implementing_ExcelMethods_toStoreData -->
  <testcase classname="TestCases.HomeLoanEMICalculator_Test" name="Navigation_toNextPage" time="0.000">
    <skipped/>
  </testcase> <!-- Navigation_toNextPage -->
</testsuite> <!-- TestCases.HomeLoanEMICalculator_Test -->
